This file contains any messages produced by compilers while
running configure, to aid debugging if configure makes a mistake.

It was created by configure, which was
generated by GNU Autoconf 2.54.  Invocation command line was

  $ ./configure 

## --------- ##
## Platform. ##
## --------- ##

hostname = aclgcl-109
uname -m = sun4u
uname -r = 5.8
uname -s = SunOS
uname -v = Generic_108528-18

/usr/bin/uname -p = sparc
/bin/uname -X     = System = SunOS
Node = aclgcl-109
Release = 5.8
KernelID = Generic_108528-18
Machine = sun4u
BusType = <unknown>
Serial = <unknown>
Users = <unknown>
OEM# = 0
Origin# = 1
NumCPU = 1

/bin/arch              = sun4
/usr/bin/arch -k       = sun4u
/usr/convex/getsysinfo = unknown
hostinfo               = unknown
/bin/machine           = unknown
/usr/bin/oslevel       = unknown
/bin/universe          = unknown

PATH: /usr/dt/bin
PATH: /suntools/Solaris/GNU/2002/kde/bin
PATH: /GNU/2000/5.7/local/bin
PATH: /GNU/2000/5.7/bin
PATH: /GNU/2000/5.7/gnome/bin
PATH: /suntools2/Solaris/Rational/releases/PurifyPlus.2004.07.00.Proto.0126/sun4_solaris2/bin
PATH: .
PATH: /suntools/Solaris/JDK/j2sdk1.4.1_01/bin
PATH: /suntools/Solaris/JDK/j2sdk1.4.1_01/jre/bin
PATH: /usr/openwin/bin
PATH: /usr/bin
PATH: /usr/sbin
PATH: /etc
PATH: /usr/lib
PATH: /usr/etc
PATH: /GNU/2002/bin
PATH: /usr/atria/bin
PATH: /home/ddts/bin
PATH: /usr/ccs/bin
PATH: /usr/ucb
PATH: /suntools/Solaris/SEL_tools/cc_tools
PATH: /usr/dt/appconfig/netscape
PATH: /suntools/Solaris/AcroRead/v5.0/bin
PATH: /suntools/Solaris/GNU/2002/kde/bin
PATH: /suntools/Solaris/GNU/2002/qt/bin
PATH: /suntools/Solaris/rhapsody
PATH: /vobs/tnm_tools/bin
PATH: /GNU/2002/bin
PATH: /usr/openwin/bin


## ----------- ##
## Core tests. ##
## ----------- ##

configure:1288: checking for a BSD-compatible install
configure:1342: result: ./install-sh -c
configure:1353: checking whether build environment is sane
configure:1396: result: yes
configure:1430: checking for gawk
configure:1446: found /GNU/2000/5.7/bin/gawk
configure:1456: result: gawk
configure:1466: checking whether make sets ${MAKE}
configure:1486: result: yes
configure:1642: checking for g++
configure:1658: found /GNU/2000/5.7/bin/g++
configure:1668: result: g++
configure:1684: checking for C++ compiler version
configure:1687: g++ --version </dev/null >&5
2.95.2
configure:1690: $? = 0
configure:1692: g++ -v </dev/null >&5
Reading specs from /GNU/2000/5.7/lib/gcc-lib/sparc-sun-solaris2.7/2.95.2/specs
gcc version 2.95.2 19991024 (release)
configure:1695: $? = 0
configure:1697: g++ -V </dev/null >&5
g++: argument to `-V' missing

configure:1700: $? = 1
configure:1720: checking for C++ compiler default output
configure:1723: g++  -I/GNU/2002/include  conftest.cc  >&5
configure:1726: $? = 0
configure:1760: result: a.out
configure:1765: checking whether the C++ compiler works
configure:1771: ./a.out
configure:1774: $? = 0
configure:1789: result: yes
configure:1796: checking whether we are cross compiling
configure:1798: result: no
configure:1801: checking for suffix of executables
configure:1803: g++ -o conftest  -I/GNU/2002/include  conftest.cc  >&5
configure:1806: $? = 0
configure:1829: result: 
configure:1835: checking for suffix of object files
configure:1853: g++ -c  -I/GNU/2002/include conftest.cc >&5
configure:1856: $? = 0
configure:1875: result: o
configure:1879: checking whether we are using the GNU C++ compiler
configure:1900: g++ -c  -I/GNU/2002/include conftest.cc >&5
configure:1903: $? = 0
configure:1906: test -s conftest.o
configure:1909: $? = 0
configure:1921: result: yes
configure:1927: checking whether g++ accepts -g
configure:1945: g++ -c -g -I/GNU/2002/include conftest.cc >&5
configure:1948: $? = 0
configure:1951: test -s conftest.o
configure:1954: $? = 0
configure:1964: result: yes
configure:2004: g++ -c -g -O2 -I/GNU/2002/include conftest.cc >&5
configure:2007: $? = 0
configure:2010: test -s conftest.o
configure:2013: $? = 0
configure:2035: g++ -c -g -O2 -I/GNU/2002/include conftest.cc >&5
configure:2038: $? = 0
configure:2041: test -s conftest.o
configure:2044: $? = 0
configure:2074: checking for style of include used by make
configure:2102: result: GNU
configure:2109: checking dependency style of g++
configure:2171: result: gcc
configure:2224: checking for gcc
configure:2240: found /GNU/2000/5.7/bin/gcc
configure:2250: result: gcc
configure:2492: checking for C compiler version
configure:2495: gcc --version </dev/null >&5
2.95.2
configure:2498: $? = 0
configure:2500: gcc -v </dev/null >&5
Reading specs from /GNU/2000/5.7/lib/gcc-lib/sparc-sun-solaris2.7/2.95.2/specs
gcc version 2.95.2 19991024 (release)
configure:2503: $? = 0
configure:2505: gcc -V </dev/null >&5
gcc: argument to `-V' is missing
configure:2508: $? = 1
configure:2511: checking whether we are using the GNU C compiler
configure:2532: gcc -c  -I/GNU/2002/include conftest.c >&5
configure:2535: $? = 0
configure:2538: test -s conftest.o
configure:2541: $? = 0
configure:2553: result: yes
configure:2559: checking whether gcc accepts -g
configure:2577: gcc -c -g -I/GNU/2002/include conftest.c >&5
configure:2580: $? = 0
configure:2583: test -s conftest.o
configure:2586: $? = 0
configure:2596: result: yes
configure:2613: checking for gcc option to accept ANSI C
configure:2670: gcc  -c -g -O2 -I/GNU/2002/include conftest.c >&5
configure:2673: $? = 0
configure:2676: test -s conftest.o
configure:2679: $? = 0
configure:2696: result: none needed
configure:2714: gcc -c -g -O2 -I/GNU/2002/include conftest.c >&5
conftest.c:2: parse error before `me'
configure:2717: $? = 1
configure: failed program was:
#ifndef __cplusplus
  choke me
#endif
configure:2817: checking dependency style of gcc
configure:2879: result: gcc
configure:2890: checking how to run the C preprocessor
configure:2916: gcc -E -I/GNU/2002/include conftest.c
configure:2922: $? = 0
configure:2949: gcc -E -I/GNU/2002/include conftest.c
configure:2945: ac_nonexistent.h: No such file or directory
configure:2955: $? = 1
configure: failed program was:
#line 2944 "configure"
#include "confdefs.h"
#include <ac_nonexistent.h>
configure:2992: result: gcc -E
configure:3007: gcc -E -I/GNU/2002/include conftest.c
configure:3013: $? = 0
configure:3040: gcc -E -I/GNU/2002/include conftest.c
configure:3036: ac_nonexistent.h: No such file or directory
configure:3046: $? = 1
configure: failed program was:
#line 3035 "configure"
#include "confdefs.h"
#include <ac_nonexistent.h>
configure:3086: checking for X
configure:3296: result: libraries /usr/openwin/lib, headers /usr/openwin/include
configure:3320: checking whether -R must be followed by a space
configure:3336: gcc -o conftest -g -O2 -I/GNU/2002/include  conftest.c  -R/usr/openwin/lib >&5
configure:3339: $? = 0
configure:3342: test -s conftest
configure:3345: $? = 0
configure:3355: result: no
configure:3435: gcc -o conftest -g -O2 -I/GNU/2002/include  conftest.c   -L/usr/openwin/lib -R/usr/openwin/lib -lX11 >&5
configure:3438: $? = 0
configure:3441: test -s conftest
configure:3444: $? = 0
configure:3570: checking for gethostbyname
configure:3607: gcc -o conftest -g -O2 -I/GNU/2002/include  conftest.c  >&5
/var/tmp/cc4CP57d.o: In function `main':
/home/ywwang/FishGUI/MVC_X11/configure:3597: undefined reference to `gethostbyname'
/home/ywwang/FishGUI/MVC_X11/configure:3597: undefined reference to `gethostbyname'
collect2: ld returned 1 exit status
configure:3610: $? = 1
configure: failed program was:
#line 3575 "configure"
#include "confdefs.h"
/* System header to define __stub macros and hopefully few prototypes,
    which can conflict with char gethostbyname (); below.  */
#include <assert.h>
/* Override any gcc2 internal prototype to avoid an error.  */
#ifdef __cplusplus
extern "C"
#endif
/* We use char because int might match the return type of a gcc2
   builtin and then its argument prototype would still apply.  */
char gethostbyname ();
char (*f) ();

int
main ()
{
/* The GNU C library defines this for functions which it implements
    to always fail with ENOSYS.  Some functions are actually named
    something starting with __ and the normal name is an alias.  */
#if defined (__stub_gethostbyname) || defined (__stub___gethostbyname)
choke me
#else
f = gethostbyname;
#endif

  ;
  return 0;
}
configure:3626: result: no
configure:3630: checking for gethostbyname in -lnsl
configure:3657: gcc -o conftest -g -O2 -I/GNU/2002/include  conftest.c -lnsl   >&5
configure:3660: $? = 0
configure:3663: test -s conftest
configure:3666: $? = 0
configure:3677: result: yes
configure:3747: checking for connect
configure:3784: gcc -o conftest -g -O2 -I/GNU/2002/include  conftest.c  >&5
/var/tmp/cc92Gsad.o: In function `main':
/home/ywwang/FishGUI/MVC_X11/configure:3774: undefined reference to `connect'
/home/ywwang/FishGUI/MVC_X11/configure:3774: undefined reference to `connect'
collect2: ld returned 1 exit status
configure:3787: $? = 1
configure: failed program was:
#line 3752 "configure"
#include "confdefs.h"
/* System header to define __stub macros and hopefully few prototypes,
    which can conflict with char connect (); below.  */
#include <assert.h>
/* Override any gcc2 internal prototype to avoid an error.  */
#ifdef __cplusplus
extern "C"
#endif
/* We use char because int might match the return type of a gcc2
   builtin and then its argument prototype would still apply.  */
char connect ();
char (*f) ();

int
main ()
{
/* The GNU C library defines this for functions which it implements
    to always fail with ENOSYS.  Some functions are actually named
    something starting with __ and the normal name is an alias.  */
#if defined (__stub_connect) || defined (__stub___connect)
choke me
#else
f = connect;
#endif

  ;
  return 0;
}
configure:3803: result: no
configure:3807: checking for connect in -lsocket
configure:3834: gcc -o conftest -g -O2 -I/GNU/2002/include  conftest.c -lsocket  -lnsl  >&5
configure:3837: $? = 0
configure:3840: test -s conftest
configure:3843: $? = 0
configure:3854: result: yes
configure:3863: checking for remove
configure:3900: gcc -o conftest -g -O2 -I/GNU/2002/include  conftest.c  >&5
configure:3903: $? = 0
configure:3906: test -s conftest
configure:3909: $? = 0
configure:3919: result: yes
configure:3979: checking for shmat
configure:4016: gcc -o conftest -g -O2 -I/GNU/2002/include  conftest.c  >&5
configure:4019: $? = 0
configure:4022: test -s conftest
configure:4025: $? = 0
configure:4035: result: yes
configure:4104: checking for IceConnectionNumber in -lICE
configure:4131: gcc -o conftest -g -O2 -I/GNU/2002/include  -L/usr/openwin/lib conftest.c -lICE -lsocket  -lnsl  >&5
configure:4134: $? = 0
configure:4137: test -s conftest
configure:4140: $? = 0
configure:4151: result: yes
configure:4173: checking for XOpenDisplay in -lX11
configure:4200: gcc -o conftest -g -O2 -I/GNU/2002/include  conftest.c -lX11    -L/usr/openwin/lib -R/usr/openwin/lib >&5
configure:4203: $? = 0
configure:4206: test -s conftest
configure:4209: $? = 0
configure:4220: result: yes
configure:4236: checking for XpmReadFileToPixmap in -lXpm
configure:4263: gcc -o conftest -g -O2 -I/GNU/2002/include  conftest.c -lXpm  -lX11   -L/usr/openwin/lib -R/usr/openwin/lib >&5
configure:4266: $? = 0
configure:4269: test -s conftest
configure:4272: $? = 0
configure:4283: result: yes
configure:4300: checking for egrep
configure:4310: result: grep -E
configure:4315: checking for ANSI C header files
configure:4329: gcc -E -I/GNU/2002/include conftest.c
configure:4335: $? = 0
configure:4420: gcc -o conftest -g -O2 -I/GNU/2002/include  conftest.c -lXpm -lX11   -L/usr/openwin/lib -R/usr/openwin/lib >&5
configure:4423: $? = 0
configure:4425: ./conftest
configure:4428: $? = 0
configure:4442: result: yes
configure:4466: checking for sys/types.h
configure:4479: gcc -c -g -O2 -I/GNU/2002/include conftest.c >&5
configure:4482: $? = 0
configure:4485: test -s conftest.o
configure:4488: $? = 0
configure:4498: result: yes
configure:4466: checking for sys/stat.h
configure:4479: gcc -c -g -O2 -I/GNU/2002/include conftest.c >&5
configure:4482: $? = 0
configure:4485: test -s conftest.o
configure:4488: $? = 0
configure:4498: result: yes
configure:4466: checking for stdlib.h
configure:4479: gcc -c -g -O2 -I/GNU/2002/include conftest.c >&5
configure:4482: $? = 0
configure:4485: test -s conftest.o
configure:4488: $? = 0
configure:4498: result: yes
configure:4466: checking for string.h
configure:4479: gcc -c -g -O2 -I/GNU/2002/include conftest.c >&5
configure:4482: $? = 0
configure:4485: test -s conftest.o
configure:4488: $? = 0
configure:4498: result: yes
configure:4466: checking for memory.h
configure:4479: gcc -c -g -O2 -I/GNU/2002/include conftest.c >&5
configure:4482: $? = 0
configure:4485: test -s conftest.o
configure:4488: $? = 0
configure:4498: result: yes
configure:4466: checking for strings.h
configure:4479: gcc -c -g -O2 -I/GNU/2002/include conftest.c >&5
configure:4482: $? = 0
configure:4485: test -s conftest.o
configure:4488: $? = 0
configure:4498: result: yes
configure:4466: checking for inttypes.h
configure:4479: gcc -c -g -O2 -I/GNU/2002/include conftest.c >&5
configure:4482: $? = 0
configure:4485: test -s conftest.o
configure:4488: $? = 0
configure:4498: result: yes
configure:4466: checking for stdint.h
configure:4479: gcc -c -g -O2 -I/GNU/2002/include conftest.c >&5
configure:4507: stdint.h: No such file or directory
configure:4482: $? = 1
configure: failed program was:
#line 4471 "configure"
#include "confdefs.h"
#include <stdio.h>
#if HAVE_SYS_TYPES_H
# include <sys/types.h>
#endif
#if HAVE_SYS_STAT_H
# include <sys/stat.h>
#endif
#if STDC_HEADERS
# include <stdlib.h>
# include <stddef.h>
#else
# if HAVE_STDLIB_H
#  include <stdlib.h>
# endif
#endif
#if HAVE_STRING_H
# if !STDC_HEADERS && HAVE_MEMORY_H
#  include <memory.h>
# endif
# include <string.h>
#endif
#if HAVE_STRINGS_H
# include <strings.h>
#endif
#if HAVE_INTTYPES_H
# include <inttypes.h>
#else
# if HAVE_STDINT_H
#  include <stdint.h>
# endif
#endif
#if HAVE_UNISTD_H
# include <unistd.h>
#endif

#include <stdint.h>
configure:4498: result: no
configure:4466: checking for unistd.h
configure:4479: gcc -c -g -O2 -I/GNU/2002/include conftest.c >&5
configure:4482: $? = 0
configure:4485: test -s conftest.o
configure:4488: $? = 0
configure:4498: result: yes
configure:4516: checking for stdlib.h
configure:4521: result: yes
configure:4516: checking for string.h
configure:4521: result: yes
configure:4642: checking X11/keysym.h usability
configure:4651: gcc -c -g -O2 -I/GNU/2002/include conftest.c >&5
configure:4654: $? = 0
configure:4657: test -s conftest.o
configure:4660: $? = 0
configure:4669: result: yes
configure:4673: checking X11/keysym.h presence
configure:4680: gcc -E -I/GNU/2002/include conftest.c
configure:4686: $? = 0
configure:4704: result: yes
configure:4722: checking for X11/keysym.h
configure:4729: result: yes
configure:4642: checking X11/Xlib.h usability
configure:4651: gcc -c -g -O2 -I/GNU/2002/include conftest.c >&5
configure:4654: $? = 0
configure:4657: test -s conftest.o
configure:4660: $? = 0
configure:4669: result: yes
configure:4673: checking X11/Xlib.h presence
configure:4680: gcc -E -I/GNU/2002/include conftest.c
configure:4686: $? = 0
configure:4704: result: yes
configure:4722: checking for X11/Xlib.h
configure:4729: result: yes
configure:4642: checking X11/Xutil.h usability
configure:4651: gcc -c -g -O2 -I/GNU/2002/include conftest.c >&5
In file included from configure:4679:
/usr/include/X11/Xutil.h:117: parse error before `Bool'
/usr/include/X11/Xutil.h:117: warning: no semicolon at end of struct or union
/usr/include/X11/Xutil.h:120: parse error before `icon_pixmap'
/usr/include/X11/Xutil.h:120: warning: data definition has no type or storage class
/usr/include/X11/Xutil.h:121: parse error before `icon_window'
/usr/include/X11/Xutil.h:121: warning: data definition has no type or storage class
/usr/include/X11/Xutil.h:123: parse error before `icon_mask'
/usr/include/X11/Xutil.h:123: warning: data definition has no type or storage class
/usr/include/X11/Xutil.h:124: parse error before `window_group'
/usr/include/X11/Xutil.h:124: warning: data definition has no type or storage class
/usr/include/X11/Xutil.h:126: warning: data definition has no type or storage class
/usr/include/X11/Xutil.h:161: parse error before `Atom'
/usr/include/X11/Xutil.h:161: warning: no semicolon at end of struct or union
/usr/include/X11/Xutil.h:164: parse error before `}'
/usr/include/X11/Xutil.h:164: warning: data definition has no type or storage class
/usr/include/X11/Xutil.h:207: parse error before `XPointer'
/usr/include/X11/Xutil.h:207: warning: no semicolon at end of struct or union
/usr/include/X11/Xutil.h:209: parse error before `}'
/usr/include/X11/Xutil.h:209: warning: data definition has no type or storage class
/usr/include/X11/Xutil.h:254: parse error before `Visual'
/usr/include/X11/Xutil.h:254: warning: no semicolon at end of struct or union
/usr/include/X11/Xutil.h:255: warning: data definition has no type or storage class
/usr/include/X11/Xutil.h:268: parse error before `}'
/usr/include/X11/Xutil.h:268: warning: data definition has no type or storage class
/usr/include/X11/Xutil.h:287: parse error before `Colormap'
/usr/include/X11/Xutil.h:287: warning: no semicolon at end of struct or union
/usr/include/X11/Xutil.h:295: parse error before `visualid'
/usr/include/X11/Xutil.h:295: warning: data definition has no type or storage class
/usr/include/X11/Xutil.h:296: parse error before `killid'
/usr/include/X11/Xutil.h:296: warning: data definition has no type or storage class
/usr/include/X11/Xutil.h:297: warning: data definition has no type or storage class
/usr/include/X11/Xutil.h:332: syntax error before `extern'
/usr/include/X11/Xutil.h:350: parse error before `*'
/usr/include/X11/Xutil.h:354: warning: data definition has no type or storage class
/usr/include/X11/Xutil.h:356: parse error before `*'
/usr/include/X11/Xutil.h:360: warning: data definition has no type or storage class
/usr/include/X11/Xutil.h:417: parse error before `XGetClassHint'
/usr/include/X11/Xutil.h:423: warning: data definition has no type or storage class
/usr/include/X11/Xutil.h:425: parse error before `XGetIconSizes'
/usr/include/X11/Xutil.h:432: warning: data definition has no type or storage class
/usr/include/X11/Xutil.h:434: parse error before `XGetNormalHints'
/usr/include/X11/Xutil.h:440: warning: data definition has no type or storage class
/usr/include/X11/Xutil.h:442: parse error before `XGetRGBColormaps'
/usr/include/X11/Xutil.h:450: warning: data definition has no type or storage class
/usr/include/X11/Xutil.h:452: parse error before `XGetSizeHints'
/usr/include/X11/Xutil.h:459: warning: data definition has no type or storage class
/usr/include/X11/Xutil.h:461: parse error before `XGetStandardColormap'
/usr/include/X11/Xutil.h:468: warning: data definition has no type or storage class
/usr/include/X11/Xutil.h:470: parse error before `XGetTextProperty'
/usr/include/X11/Xutil.h:477: warning: data definition has no type or storage class
/usr/include/X11/Xutil.h:479: parse error before `*'
/usr/include/X11/Xutil.h:486: warning: data definition has no type or storage class
/usr/include/X11/Xutil.h:488: parse error before `XGetWMClientMachine'
/usr/include/X11/Xutil.h:494: warning: data definition has no type or storage class
/usr/include/X11/Xutil.h:496: parse error before `*'
/usr/include/X11/Xutil.h:501: warning: data definition has no type or storage class
/usr/include/X11/Xutil.h:503: parse error before `XGetWMIconName'
/usr/include/X11/Xutil.h:509: warning: data definition has no type or storage class
/usr/include/X11/Xutil.h:511: parse error before `XGetWMName'
/usr/include/X11/Xutil.h:517: warning: data definition has no type or storage class
/usr/include/X11/Xutil.h:519: parse error before `XGetWMNormalHints'
/usr/include/X11/Xutil.h:526: warning: data definition has no type or storage class
/usr/include/X11/Xutil.h:528: parse error before `XGetWMSizeHints'
/usr/include/X11/Xutil.h:536: warning: data definition has no type or storage class
/usr/include/X11/Xutil.h:538: parse error before `XGetZoomHints'
/usr/include/X11/Xutil.h:544: warning: data definition has no type or storage class
/usr/include/X11/Xutil.h:572: parse error before `XMatchVisualInfo'
/usr/include/X11/Xutil.h:580: warning: data definition has no type or storage class
/usr/include/X11/Xutil.h:590: parse error before `XPointInRegion'
/usr/include/X11/Xutil.h:596: warning: data definition has no type or storage class
/usr/include/X11/Xutil.h:801: parse error before `XStringListToTextProperty'
/usr/include/X11/Xutil.h:807: warning: data definition has no type or storage class
/usr/include/X11/Xutil.h:843: parse error before `XTextPropertyToStringList'
/usr/include/X11/Xutil.h:849: warning: data definition has no type or storage class
configure:4680: parse error at end of input
configure:4654: $? = 1
configure: failed program was:
#line 4644 "configure"
#include "confdefs.h"
#include <stdio.h>
#if HAVE_SYS_TYPES_H
# include <sys/types.h>
#endif
#if HAVE_SYS_STAT_H
# include <sys/stat.h>
#endif
#if STDC_HEADERS
# include <stdlib.h>
# include <stddef.h>
#else
# if HAVE_STDLIB_H
#  include <stdlib.h>
# endif
#endif
#if HAVE_STRING_H
# if !STDC_HEADERS && HAVE_MEMORY_H
#  include <memory.h>
# endif
# include <string.h>
#endif
#if HAVE_STRINGS_H
# include <strings.h>
#endif
#if HAVE_INTTYPES_H
# include <inttypes.h>
#else
# if HAVE_STDINT_H
#  include <stdint.h>
# endif
#endif
#if HAVE_UNISTD_H
# include <unistd.h>
#endif
#include <X11/Xutil.h>
configure:4669: result: no
configure:4673: checking X11/Xutil.h presence
configure:4680: gcc -E -I/GNU/2002/include conftest.c
configure:4686: $? = 0
configure:4704: result: yes
configure:4715: WARNING: X11/Xutil.h: present but cannot be compiled
configure:4717: WARNING: X11/Xutil.h: check for missing prerequisite headers?
configure:4719: WARNING: X11/Xutil.h: proceeding with the preprocessor's result
configure:4722: checking for X11/Xutil.h
configure:4729: result: yes
configure:4633: checking for X11/Xutil.h
configure:4638: result: yes
configure:4756: checking X11/xpm.h usability
configure:4765: gcc -c -g -O2 -I/GNU/2002/include conftest.c >&5
configure:4768: $? = 0
configure:4771: test -s conftest.o
configure:4774: $? = 0
configure:4783: result: yes
configure:4787: checking X11/xpm.h presence
configure:4794: gcc -E -I/GNU/2002/include conftest.c
configure:4800: $? = 0
configure:4818: result: yes
configure:4836: checking for X11/xpm.h
configure:4843: result: yes
configure:4862: checking for an ANSI C-conforming const
configure:4926: gcc -c -g -O2 -I/GNU/2002/include conftest.c >&5
configure:4929: $? = 0
configure:4932: test -s conftest.o
configure:4935: $? = 0
configure:4945: result: yes
configure:4955: checking whether time.h and sys/time.h may both be included
configure:4977: gcc -c -g -O2 -I/GNU/2002/include conftest.c >&5
configure:4980: $? = 0
configure:4983: test -s conftest.o
configure:4986: $? = 0
configure:4996: result: yes
configure:5136: creating ./config.status

## ---------------------- ##
## Running config.status. ##
## ---------------------- ##

This file was extended by config.status, which was
generated by GNU Autoconf 2.54.  Invocation command line was

  CONFIG_FILES    = 
  CONFIG_HEADERS  = 
  CONFIG_LINKS    = 
  CONFIG_COMMANDS = 
  $ ./config.status 

on aclgcl-109

config.status:624: creating Makefile
config.status:749: executing default-1 commands

## ---------------- ##
## Cache variables. ##
## ---------------- ##

ac_cv_c_compiler_gnu=yes
ac_cv_c_const=yes
ac_cv_cxx_compiler_gnu=yes
ac_cv_env_CC_set=
ac_cv_env_CC_value=
ac_cv_env_CFLAGS_set=
ac_cv_env_CFLAGS_value=
ac_cv_env_CPPFLAGS_set=set
ac_cv_env_CPPFLAGS_value=-I/GNU/2002/include
ac_cv_env_CPP_set=
ac_cv_env_CPP_value=
ac_cv_env_CXXFLAGS_set=
ac_cv_env_CXXFLAGS_value=
ac_cv_env_CXX_set=
ac_cv_env_CXX_value=
ac_cv_env_LDFLAGS_set=
ac_cv_env_LDFLAGS_value=
ac_cv_env_build_alias_set=
ac_cv_env_build_alias_value=
ac_cv_env_host_alias_set=
ac_cv_env_host_alias_value=
ac_cv_env_target_alias_set=
ac_cv_env_target_alias_value=
ac_cv_exeext=
ac_cv_func_connect=no
ac_cv_func_gethostbyname=no
ac_cv_func_remove=yes
ac_cv_func_shmat=yes
ac_cv_have_x='have_x=yes 		ac_x_includes=/usr/openwin/include ac_x_libraries=/usr/openwin/lib'
ac_cv_header_X11_Xlib_h=yes
ac_cv_header_X11_Xutil_h=yes
ac_cv_header_X11_keysym_h=yes
ac_cv_header_X11_xpm_h=yes
ac_cv_header_inttypes_h=yes
ac_cv_header_memory_h=yes
ac_cv_header_stdc=yes
ac_cv_header_stdint_h=no
ac_cv_header_stdlib_h=yes
ac_cv_header_string_h=yes
ac_cv_header_strings_h=yes
ac_cv_header_sys_stat_h=yes
ac_cv_header_sys_types_h=yes
ac_cv_header_time=yes
ac_cv_header_unistd_h=yes
ac_cv_lib_ICE_IceConnectionNumber=yes
ac_cv_lib_X11_XOpenDisplay=yes
ac_cv_lib_Xpm_XpmReadFileToPixmap=yes
ac_cv_lib_nsl_gethostbyname=yes
ac_cv_lib_socket_connect=yes
ac_cv_objext=o
ac_cv_prog_AWK=gawk
ac_cv_prog_CPP='gcc -E'
ac_cv_prog_ac_ct_CC=gcc
ac_cv_prog_ac_ct_CXX=g++
ac_cv_prog_cc_g=yes
ac_cv_prog_cc_stdc=
ac_cv_prog_cxx_g=yes
ac_cv_prog_egrep='grep -E'
ac_cv_prog_make_make_set=yes
am_cv_CC_dependencies_compiler_type=gcc
am_cv_CXX_dependencies_compiler_type=gcc

## ----------------- ##
## Output variables. ##
## ----------------- ##

ACLOCAL='${SHELL} /home/ywwang/FishGUI/MVC_X11/missing --run aclocal'
AMDEPBACKSLASH='\'
AMDEP_FALSE='#'
AMDEP_TRUE=''
AMTAR='${SHELL} /home/ywwang/FishGUI/MVC_X11/missing --run tar'
AUTOCONF='${SHELL} /home/ywwang/FishGUI/MVC_X11/missing --run autoconf'
AUTOHEADER='${SHELL} /home/ywwang/FishGUI/MVC_X11/missing --run autoheader'
AUTOMAKE='${SHELL} /home/ywwang/FishGUI/MVC_X11/missing --run automake'
AWK='gawk'
CC='gcc'
CCDEPMODE='depmode=gcc'
CFLAGS='-g -O2'
CPP='gcc -E'
CPPFLAGS='-I/GNU/2002/include'
CXX='g++'
CXXDEPMODE='depmode=gcc'
CXXFLAGS='-g -O2'
DEFS='-DPACKAGE_NAME=\"\" -DPACKAGE_TARNAME=\"\" -DPACKAGE_VERSION=\"\" -DPACKAGE_STRING=\"\" -DPACKAGE_BUGREPORT=\"\" -DPACKAGE=\"FishGUI\" -DVERSION=\"1.0\" -DHAVE_LIBX11=1 -DHAVE_LIBX11=1 -DHAVE_LIBXPM=1 -DSTDC_HEADERS=1 -DHAVE_SYS_TYPES_H=1 -DHAVE_SYS_STAT_H=1 -DHAVE_STDLIB_H=1 -DHAVE_STRING_H=1 -DHAVE_MEMORY_H=1 -DHAVE_STRINGS_H=1 -DHAVE_INTTYPES_H=1 -DHAVE_UNISTD_H=1 -DHAVE_STDLIB_H=1 -DHAVE_STRING_H=1 -DHAVE_X11_KEYSYM_H=1 -DHAVE_X11_XLIB_H=1 -DHAVE_X11_XUTIL_H=1 -DHAVE_X11_XUTIL_H=1 -DHAVE_X11_XPM_H=1 -DTIME_WITH_SYS_TIME=1 '
DEPDIR='.deps'
ECHO_C=''
ECHO_N='-n'
ECHO_T=''
EGREP='grep -E'
EXEEXT=''
INSTALL_DATA='${INSTALL} -m 644'
INSTALL_PROGRAM='${INSTALL}'
INSTALL_SCRIPT='${INSTALL}'
INSTALL_STRIP_PROGRAM='${SHELL} $(install_sh) -c -s'
LDFLAGS=''
LIBOBJS=''
LIBS='-lXpm -lX11   -L/usr/openwin/lib -R/usr/openwin/lib'
LTLIBOBJS=''
MAKEINFO='${SHELL} /home/ywwang/FishGUI/MVC_X11/missing --run makeinfo'
OBJEXT='o'
PACKAGE='FishGUI'
PACKAGE_BUGREPORT=''
PACKAGE_NAME=''
PACKAGE_STRING=''
PACKAGE_TARNAME=''
PACKAGE_VERSION=''
PATH_SEPARATOR=':'
SET_MAKE=''
SHELL='/bin/bash'
VERSION='1.0'
X_CFLAGS=' -I/usr/openwin/include'
X_EXTRA_LIBS='-lsocket  -lnsl'
X_LIBS=' -L/usr/openwin/lib -R/usr/openwin/lib'
X_PRE_LIBS=' -lSM -lICE'
ac_ct_CC='gcc'
ac_ct_CXX='g++'
am__include='include'
am__quote=''
bindir='${exec_prefix}/bin'
build_alias=''
datadir='${prefix}/share'
exec_prefix='${prefix}'
host_alias=''
includedir='${prefix}/include'
infodir='${prefix}/info'
install_sh='/home/ywwang/FishGUI/MVC_X11/install-sh'
libdir='${exec_prefix}/lib'
libexecdir='${exec_prefix}/libexec'
localstatedir='${prefix}/var'
mandir='${prefix}/man'
oldincludedir='/usr/include'
prefix='/usr/local'
program_transform_name='s,x,x,'
sbindir='${exec_prefix}/sbin'
sharedstatedir='${prefix}/com'
sysconfdir='${prefix}/etc'
target_alias=''

## ----------- ##
## confdefs.h. ##
## ----------- ##

#define HAVE_INTTYPES_H 1
#define HAVE_LIBX11 1
#define HAVE_LIBX11 1
#define HAVE_LIBXPM 1
#define HAVE_MEMORY_H 1
#define HAVE_STDLIB_H 1
#define HAVE_STDLIB_H 1
#define HAVE_STRINGS_H 1
#define HAVE_STRING_H 1
#define HAVE_STRING_H 1
#define HAVE_SYS_STAT_H 1
#define HAVE_SYS_TYPES_H 1
#define HAVE_UNISTD_H 1
#define HAVE_X11_KEYSYM_H 1
#define HAVE_X11_XLIB_H 1
#define HAVE_X11_XPM_H 1
#define HAVE_X11_XUTIL_H 1
#define HAVE_X11_XUTIL_H 1
#define PACKAGE "FishGUI"
#define PACKAGE_BUGREPORT ""
#define PACKAGE_NAME ""
#define PACKAGE_STRING ""
#define PACKAGE_TARNAME ""
#define PACKAGE_VERSION ""
#define STDC_HEADERS 1
#define TIME_WITH_SYS_TIME 1
#define VERSION "1.0"

configure: exit 0

## ---------------------- ##
## Running config.status. ##
## ---------------------- ##

This file was extended by config.status, which was
generated by GNU Autoconf 2.54.  Invocation command line was

  CONFIG_FILES    = Makefile
  CONFIG_HEADERS  = 
  CONFIG_LINKS    = 
  CONFIG_COMMANDS = 
  $ ./config.status 

on aclgcl-109

config.status:624: creating Makefile
config.status:749: executing default-1 commands
