  MainWindow.cpp
h:\private\fishgui\source\application\mainwindow.cpp(145): warning C4996: 'sprintf': This function or variable may be unsafe. Consider using sprintf_s instead. To disable deprecation, use _CRT_SECURE_NO_WARNINGS. See online help for details.
  c:\program files (x86)\windows kits\10\include\10.0.10240.0\ucrt\stdio.h(1769): note: 参见“sprintf”的声明
h:\private\fishgui\source\application\mainwindow.cpp(161): warning C4996: 'strcpy': This function or variable may be unsafe. Consider using strcpy_s instead. To disable deprecation, use _CRT_SECURE_NO_WARNINGS. See online help for details.
  c:\program files (x86)\windows kits\10\include\10.0.10240.0\ucrt\string.h(119): note: 参见“strcpy”的声明
h:\private\fishgui\source\application\mainwindow.cpp(163): warning C4996: 'strcat': This function or variable may be unsafe. Consider using strcat_s instead. To disable deprecation, use _CRT_SECURE_NO_WARNINGS. See online help for details.
  c:\program files (x86)\windows kits\10\include\10.0.10240.0\ucrt\string.h(90): note: 参见“strcat”的声明
h:\private\fishgui\source\application\mainwindow.cpp(164): warning C4996: 'strcat': This function or variable may be unsafe. Consider using strcat_s instead. To disable deprecation, use _CRT_SECURE_NO_WARNINGS. See online help for details.
  c:\program files (x86)\windows kits\10\include\10.0.10240.0\ucrt\string.h(90): note: 参见“strcat”的声明
h:\private\fishgui\source\application\mainwindow.cpp(166): warning C4996: 'strcat': This function or variable may be unsafe. Consider using strcat_s instead. To disable deprecation, use _CRT_SECURE_NO_WARNINGS. See online help for details.
  c:\program files (x86)\windows kits\10\include\10.0.10240.0\ucrt\string.h(90): note: 参见“strcat”的声明
h:\private\fishgui\source\application\mainwindow.cpp(167): warning C4996: 'strcat': This function or variable may be unsafe. Consider using strcat_s instead. To disable deprecation, use _CRT_SECURE_NO_WARNINGS. See online help for details.
  c:\program files (x86)\windows kits\10\include\10.0.10240.0\ucrt\string.h(90): note: 参见“strcat”的声明
  MyApp.cpp
  MyButton.cpp
  Win1.cpp
  Win2.cpp
  FG_Application.cpp
  FG_Bitmap.cpp
  FG_Button.cpp
  FG_CheckBox.cpp
  FG_Container.cpp
  FG_Edit.cpp
h:\private\fishgui\source\framework\fg_edit.cpp(65): warning C4267: “=”: 从“size_t”转换到“WORD”，可能丢失数据
  FG_Group.cpp
  FG_KeyMap.cpp
  FG_Label.cpp
  FG_MsgMap.cpp
  FG_Object.cpp
  FG_RadioButton.cpp
  FG_Screen.cpp
  FG_TextWidget.cpp
  FG_TimerManager.cpp
  正在生成代码...
  正在编译...
  FG_Widget.cpp
  FG_Window.cpp
  FG_OSAdaptor.cpp
  FG_Win32Adaptor.cpp
h:\private\fishgui\source\osadaptor\fg_win32adaptor.cpp(126): warning C4996: 'strcat': This function or variable may be unsafe. Consider using strcat_s instead. To disable deprecation, use _CRT_SECURE_NO_WARNINGS. See online help for details.
  c:\program files (x86)\windows kits\10\include\10.0.10240.0\ucrt\string.h(90): note: 参见“strcat”的声明
h:\private\fishgui\source\osadaptor\fg_win32adaptor.cpp(133): warning C4996: 'sprintf': This function or variable may be unsafe. Consider using sprintf_s instead. To disable deprecation, use _CRT_SECURE_NO_WARNINGS. See online help for details.
  c:\program files (x86)\windows kits\10\include\10.0.10240.0\ucrt\stdio.h(1769): note: 参见“sprintf”的声明
  FG_Win32DrawInterface.cpp
  WinMain.cpp
  FG_Rect.cpp
  FG_String.cpp
h:\private\fishgui\source\utility\fg_string.cpp(58): warning C4267: “=”: 从“size_t”转换到“WORD”，可能丢失数据
h:\private\fishgui\source\utility\fg_string.cpp(61): warning C4996: 'strcpy': This function or variable may be unsafe. Consider using strcpy_s instead. To disable deprecation, use _CRT_SECURE_NO_WARNINGS. See online help for details.
  c:\program files (x86)\windows kits\10\include\10.0.10240.0\ucrt\string.h(119): note: 参见“strcpy”的声明
h:\private\fishgui\source\utility\fg_string.cpp(92): warning C4267: “=”: 从“size_t”转换到“WORD”，可能丢失数据
h:\private\fishgui\source\utility\fg_string.cpp(102): warning C4996: 'strcpy': This function or variable may be unsafe. Consider using strcpy_s instead. To disable deprecation, use _CRT_SECURE_NO_WARNINGS. See online help for details.
  c:\program files (x86)\windows kits\10\include\10.0.10240.0\ucrt\string.h(119): note: 参见“strcpy”的声明
h:\private\fishgui\source\utility\fg_string.cpp(106): warning C4996: 'strcpy': This function or variable may be unsafe. Consider using strcpy_s instead. To disable deprecation, use _CRT_SECURE_NO_WARNINGS. See online help for details.
  c:\program files (x86)\windows kits\10\include\10.0.10240.0\ucrt\string.h(119): note: 参见“strcpy”的声明
  正在生成代码...
MainWindow.obj : warning LNK4075: 忽略“/EDITANDCONTINUE”(由于“/OPT:LBR”规范)
  FishGUI.vcxproj -> H:\Private\FishGUI\Win32\.\Debug\FishGUI.exe
  FishGUI.vcxproj -> .\Debug/FishGUI.pdb (Full PDB)
